<?xml version="1.0" encoding="UTF-8"?>
<testsuite xmlns:xsi="http://www.w3.org/2001/XMLSchema-instance" xsi:noNamespaceSchemaLocation="https://maven.apache.org/surefire/maven-surefire-plugin/xsd/surefire-test-report.xsd" name="TestSuite" time="19.809" tests="20" errors="0" skipped="0" failures="0">
  <properties>
    <property name="sun.desktop" value="windows"/>
    <property name="awt.toolkit" value="sun.awt.windows.WToolkit"/>
    <property name="file.encoding.pkg" value="sun.io"/>
    <property name="java.specification.version" value="1.8"/>
    <property name="sun.cpu.isalist" value="amd64"/>
    <property name="sun.jnu.encoding" value="Cp1252"/>
    <property name="java.class.path" value="C:\Users\Naveen.Veerabomma\IdeaProjects\comsample\target\test-classes;C:\Users\Naveen.Veerabomma\IdeaProjects\comsample\target\classes;C:\Users\Naveen.Veerabomma\.m2\repository\info\cukes\cucumber-junit\1.2.5\cucumber-junit-1.2.5.jar;C:\Users\Naveen.Veerabomma\.m2\repository\info\cukes\cucumber-core\1.2.5\cucumber-core-1.2.5.jar;C:\Users\Naveen.Veerabomma\.m2\repository\info\cukes\cucumber-html\0.2.3\cucumber-html-0.2.3.jar;C:\Users\Naveen.Veerabomma\.m2\repository\info\cukes\cucumber-jvm-deps\1.0.5\cucumber-jvm-deps-1.0.5.jar;C:\Users\Naveen.Veerabomma\.m2\repository\info\cukes\gherkin\2.12.2\gherkin-2.12.2.jar;C:\Users\Naveen.Veerabomma\.m2\repository\info\cukes\cucumber-java\1.2.5\cucumber-java-1.2.5.jar;C:\Users\Naveen.Veerabomma\.m2\repository\org\seleniumhq\selenium\selenium-java\3.6.0\selenium-java-3.6.0.jar;C:\Users\Naveen.Veerabomma\.m2\repository\org\seleniumhq\selenium\selenium-api\3.6.0\selenium-api-3.6.0.jar;C:\Users\Naveen.Veerabomma\.m2\repository\org\seleniumhq\selenium\selenium-chrome-driver\3.6.0\selenium-chrome-driver-3.6.0.jar;C:\Users\Naveen.Veerabomma\.m2\repository\org\seleniumhq\selenium\selenium-edge-driver\3.6.0\selenium-edge-driver-3.6.0.jar;C:\Users\Naveen.Veerabomma\.m2\repository\org\seleniumhq\selenium\selenium-firefox-driver\3.6.0\selenium-firefox-driver-3.6.0.jar;C:\Users\Naveen.Veerabomma\.m2\repository\org\seleniumhq\selenium\selenium-ie-driver\3.6.0\selenium-ie-driver-3.6.0.jar;C:\Users\Naveen.Veerabomma\.m2\repository\org\seleniumhq\selenium\selenium-opera-driver\3.6.0\selenium-opera-driver-3.6.0.jar;C:\Users\Naveen.Veerabomma\.m2\repository\org\seleniumhq\selenium\selenium-remote-driver\3.6.0\selenium-remote-driver-3.6.0.jar;C:\Users\Naveen.Veerabomma\.m2\repository\org\seleniumhq\selenium\selenium-safari-driver\3.6.0\selenium-safari-driver-3.6.0.jar;C:\Users\Naveen.Veerabomma\.m2\repository\org\seleniumhq\selenium\selenium-support\3.6.0\selenium-support-3.6.0.jar;C:\Users\Naveen.Veerabomma\.m2\repository\net\bytebuddy\byte-buddy\1.7.5\byte-buddy-1.7.5.jar;C:\Users\Naveen.Veerabomma\.m2\repository\org\apache\commons\commons-exec\1.3\commons-exec-1.3.jar;C:\Users\Naveen.Veerabomma\.m2\repository\commons-codec\commons-codec\1.10\commons-codec-1.10.jar;C:\Users\Naveen.Veerabomma\.m2\repository\commons-logging\commons-logging\1.2\commons-logging-1.2.jar;C:\Users\Naveen.Veerabomma\.m2\repository\com\google\code\gson\gson\2.8.0\gson-2.8.0.jar;C:\Users\Naveen.Veerabomma\.m2\repository\org\apache\httpcomponents\httpclient\4.5.3\httpclient-4.5.3.jar;C:\Users\Naveen.Veerabomma\.m2\repository\org\apache\httpcomponents\httpcore\4.4.6\httpcore-4.4.6.jar;C:\Users\Naveen.Veerabomma\.m2\repository\net\java\dev\jna\jna\4.1.0\jna-4.1.0.jar;C:\Users\Naveen.Veerabomma\.m2\repository\net\java\dev\jna\jna-platform\4.1.0\jna-platform-4.1.0.jar;C:\Users\Naveen.Veerabomma\.m2\repository\net\masterthought\cucumber-reporting\3.12.0\cucumber-reporting-3.12.0.jar;C:\Users\Naveen.Veerabomma\.m2\repository\org\apache\logging\log4j\log4j-api\2.8.2\log4j-api-2.8.2.jar;C:\Users\Naveen.Veerabomma\.m2\repository\org\apache\logging\log4j\log4j-core\2.8.2\log4j-core-2.8.2.jar;C:\Users\Naveen.Veerabomma\.m2\repository\com\fasterxml\jackson\core\jackson-databind\2.8.6\jackson-databind-2.8.6.jar;C:\Users\Naveen.Veerabomma\.m2\repository\com\fasterxml\jackson\core\jackson-annotations\2.8.0\jackson-annotations-2.8.0.jar;C:\Users\Naveen.Veerabomma\.m2\repository\com\fasterxml\jackson\core\jackson-core\2.8.6\jackson-core-2.8.6.jar;C:\Users\Naveen.Veerabomma\.m2\repository\org\apache\velocity\velocity\1.7\velocity-1.7.jar;C:\Users\Naveen.Veerabomma\.m2\repository\commons-collections\commons-collections\3.2.1\commons-collections-3.2.1.jar;C:\Users\Naveen.Veerabomma\.m2\repository\commons-lang\commons-lang\2.4\commons-lang-2.4.jar;C:\Users\Naveen.Veerabomma\.m2\repository\velocity-tools\velocity-tools\1.4\velocity-tools-1.4.jar;C:\Users\Naveen.Veerabomma\.m2\repository\joda-time\joda-time\2.9.9\joda-time-2.9.9.jar;C:\Users\Naveen.Veerabomma\.m2\repository\org\apache\commons\commons-lang3\3.6\commons-lang3-3.6.jar;C:\Users\Naveen.Veerabomma\.m2\repository\commons-io\commons-io\2.5\commons-io-2.5.jar;C:\Users\Naveen.Veerabomma\.m2\repository\net\lingala\zip4j\zip4j\1.3.2\zip4j-1.3.2.jar;C:\Users\Naveen.Veerabomma\.m2\repository\org\codehaus\plexus\plexus-utils\3.0.24\plexus-utils-3.0.24.jar;C:\Users\Naveen.Veerabomma\.m2\repository\org\jsoup\jsoup\1.10.3\jsoup-1.10.3.jar;C:\Users\Naveen.Veerabomma\.m2\repository\com\googlecode\owasp-java-html-sanitizer\owasp-java-html-sanitizer\20170515.1\owasp-java-html-sanitizer-20170515.1.jar;C:\Users\Naveen.Veerabomma\.m2\repository\commons-configuration\commons-configuration\1.6\commons-configuration-1.6.jar;C:\Users\Naveen.Veerabomma\.m2\repository\commons-digester\commons-digester\1.8\commons-digester-1.8.jar;C:\Users\Naveen.Veerabomma\.m2\repository\commons-beanutils\commons-beanutils\1.7.0\commons-beanutils-1.7.0.jar;C:\Users\Naveen.Veerabomma\.m2\repository\commons-beanutils\commons-beanutils-core\1.8.0\commons-beanutils-core-1.8.0.jar;C:\Users\Naveen.Veerabomma\.m2\repository\junit\junit\4.12\junit-4.12.jar;C:\Users\Naveen.Veerabomma\.m2\repository\org\hamcrest\hamcrest-core\1.3\hamcrest-core-1.3.jar;C:\Users\Naveen.Veerabomma\.m2\repository\com\google\guava\guava\23.2-jre\guava-23.2-jre.jar;C:\Users\Naveen.Veerabomma\.m2\repository\com\google\code\findbugs\jsr305\1.3.9\jsr305-1.3.9.jar;C:\Users\Naveen.Veerabomma\.m2\repository\com\google\errorprone\error_prone_annotations\2.0.18\error_prone_annotations-2.0.18.jar;C:\Users\Naveen.Veerabomma\.m2\repository\com\google\j2objc\j2objc-annotations\1.1\j2objc-annotations-1.1.jar;C:\Users\Naveen.Veerabomma\.m2\repository\org\codehaus\mojo\animal-sniffer-annotations\1.14\animal-sniffer-annotations-1.14.jar;C:\Users\Naveen.Veerabomma\.m2\repository\com\google\collections\google-collections\1.0\google-collections-1.0.jar;C:\Users\Naveen.Veerabomma\.m2\repository\org\immutables\testing\2.5.6\testing-2.5.6.jar;C:\Users\Naveen.Veerabomma\.m2\repository\org\hamcrest\hamcrest-library\1.3\hamcrest-library-1.3.jar;C:\Users\Naveen.Veerabomma\.m2\repository\org\hamcrest\hamcrest-integration\1.3\hamcrest-integration-1.3.jar;C:\Users\Naveen.Veerabomma\.m2\repository\org\mockito\mockito-core\1.9.5\mockito-core-1.9.5.jar;C:\Users\Naveen.Veerabomma\.m2\repository\org\objenesis\objenesis\1.0\objenesis-1.0.jar;C:\Users\Naveen.Veerabomma\.m2\repository\org\hamcrest\hamcrest-all\1.3\hamcrest-all-1.3.jar;"/>
    <property name="java.vm.vendor" value="Oracle Corporation"/>
    <property name="sun.arch.data.model" value="64"/>
    <property name="user.variant" value=""/>
    <property name="java.vendor.url" value="http://java.oracle.com/"/>
    <property name="user.timezone" value=""/>
    <property name="java.vm.specification.version" value="1.8"/>
    <property name="os.name" value="Windows 10"/>
    <property name="user.country" value="GB"/>
    <property name="sun.java.launcher" value="SUN_STANDARD"/>
    <property name="sun.boot.library.path" value="C:\Program Files\Java\jdk1.8.0_172\jre\bin"/>
    <property name="sun.java.command" value="C:\Users\NAVEEN~1.VEE\AppData\Local\Temp\surefire7504486496615535595\surefirebooter4948837435731340363.jar C:\Users\Naveen.Veerabomma\AppData\Local\Temp\surefire7504486496615535595 2018-06-06T13-28-00_875-jvmRun1 surefire4659483367412121684tmp surefire_07125294206513557882tmp"/>
    <property name="surefire.test.class.path" value="C:\Users\Naveen.Veerabomma\IdeaProjects\comsample\target\test-classes;C:\Users\Naveen.Veerabomma\IdeaProjects\comsample\target\classes;C:\Users\Naveen.Veerabomma\.m2\repository\info\cukes\cucumber-junit\1.2.5\cucumber-junit-1.2.5.jar;C:\Users\Naveen.Veerabomma\.m2\repository\info\cukes\cucumber-core\1.2.5\cucumber-core-1.2.5.jar;C:\Users\Naveen.Veerabomma\.m2\repository\info\cukes\cucumber-html\0.2.3\cucumber-html-0.2.3.jar;C:\Users\Naveen.Veerabomma\.m2\repository\info\cukes\cucumber-jvm-deps\1.0.5\cucumber-jvm-deps-1.0.5.jar;C:\Users\Naveen.Veerabomma\.m2\repository\info\cukes\gherkin\2.12.2\gherkin-2.12.2.jar;C:\Users\Naveen.Veerabomma\.m2\repository\info\cukes\cucumber-java\1.2.5\cucumber-java-1.2.5.jar;C:\Users\Naveen.Veerabomma\.m2\repository\org\seleniumhq\selenium\selenium-java\3.6.0\selenium-java-3.6.0.jar;C:\Users\Naveen.Veerabomma\.m2\repository\org\seleniumhq\selenium\selenium-api\3.6.0\selenium-api-3.6.0.jar;C:\Users\Naveen.Veerabomma\.m2\repository\org\seleniumhq\selenium\selenium-chrome-driver\3.6.0\selenium-chrome-driver-3.6.0.jar;C:\Users\Naveen.Veerabomma\.m2\repository\org\seleniumhq\selenium\selenium-edge-driver\3.6.0\selenium-edge-driver-3.6.0.jar;C:\Users\Naveen.Veerabomma\.m2\repository\org\seleniumhq\selenium\selenium-firefox-driver\3.6.0\selenium-firefox-driver-3.6.0.jar;C:\Users\Naveen.Veerabomma\.m2\repository\org\seleniumhq\selenium\selenium-ie-driver\3.6.0\selenium-ie-driver-3.6.0.jar;C:\Users\Naveen.Veerabomma\.m2\repository\org\seleniumhq\selenium\selenium-opera-driver\3.6.0\selenium-opera-driver-3.6.0.jar;C:\Users\Naveen.Veerabomma\.m2\repository\org\seleniumhq\selenium\selenium-remote-driver\3.6.0\selenium-remote-driver-3.6.0.jar;C:\Users\Naveen.Veerabomma\.m2\repository\org\seleniumhq\selenium\selenium-safari-driver\3.6.0\selenium-safari-driver-3.6.0.jar;C:\Users\Naveen.Veerabomma\.m2\repository\org\seleniumhq\selenium\selenium-support\3.6.0\selenium-support-3.6.0.jar;C:\Users\Naveen.Veerabomma\.m2\repository\net\bytebuddy\byte-buddy\1.7.5\byte-buddy-1.7.5.jar;C:\Users\Naveen.Veerabomma\.m2\repository\org\apache\commons\commons-exec\1.3\commons-exec-1.3.jar;C:\Users\Naveen.Veerabomma\.m2\repository\commons-codec\commons-codec\1.10\commons-codec-1.10.jar;C:\Users\Naveen.Veerabomma\.m2\repository\commons-logging\commons-logging\1.2\commons-logging-1.2.jar;C:\Users\Naveen.Veerabomma\.m2\repository\com\google\code\gson\gson\2.8.0\gson-2.8.0.jar;C:\Users\Naveen.Veerabomma\.m2\repository\org\apache\httpcomponents\httpclient\4.5.3\httpclient-4.5.3.jar;C:\Users\Naveen.Veerabomma\.m2\repository\org\apache\httpcomponents\httpcore\4.4.6\httpcore-4.4.6.jar;C:\Users\Naveen.Veerabomma\.m2\repository\net\java\dev\jna\jna\4.1.0\jna-4.1.0.jar;C:\Users\Naveen.Veerabomma\.m2\repository\net\java\dev\jna\jna-platform\4.1.0\jna-platform-4.1.0.jar;C:\Users\Naveen.Veerabomma\.m2\repository\net\masterthought\cucumber-reporting\3.12.0\cucumber-reporting-3.12.0.jar;C:\Users\Naveen.Veerabomma\.m2\repository\org\apache\logging\log4j\log4j-api\2.8.2\log4j-api-2.8.2.jar;C:\Users\Naveen.Veerabomma\.m2\repository\org\apache\logging\log4j\log4j-core\2.8.2\log4j-core-2.8.2.jar;C:\Users\Naveen.Veerabomma\.m2\repository\com\fasterxml\jackson\core\jackson-databind\2.8.6\jackson-databind-2.8.6.jar;C:\Users\Naveen.Veerabomma\.m2\repository\com\fasterxml\jackson\core\jackson-annotations\2.8.0\jackson-annotations-2.8.0.jar;C:\Users\Naveen.Veerabomma\.m2\repository\com\fasterxml\jackson\core\jackson-core\2.8.6\jackson-core-2.8.6.jar;C:\Users\Naveen.Veerabomma\.m2\repository\org\apache\velocity\velocity\1.7\velocity-1.7.jar;C:\Users\Naveen.Veerabomma\.m2\repository\commons-collections\commons-collections\3.2.1\commons-collections-3.2.1.jar;C:\Users\Naveen.Veerabomma\.m2\repository\commons-lang\commons-lang\2.4\commons-lang-2.4.jar;C:\Users\Naveen.Veerabomma\.m2\repository\velocity-tools\velocity-tools\1.4\velocity-tools-1.4.jar;C:\Users\Naveen.Veerabomma\.m2\repository\joda-time\joda-time\2.9.9\joda-time-2.9.9.jar;C:\Users\Naveen.Veerabomma\.m2\repository\org\apache\commons\commons-lang3\3.6\commons-lang3-3.6.jar;C:\Users\Naveen.Veerabomma\.m2\repository\commons-io\commons-io\2.5\commons-io-2.5.jar;C:\Users\Naveen.Veerabomma\.m2\repository\net\lingala\zip4j\zip4j\1.3.2\zip4j-1.3.2.jar;C:\Users\Naveen.Veerabomma\.m2\repository\org\codehaus\plexus\plexus-utils\3.0.24\plexus-utils-3.0.24.jar;C:\Users\Naveen.Veerabomma\.m2\repository\org\jsoup\jsoup\1.10.3\jsoup-1.10.3.jar;C:\Users\Naveen.Veerabomma\.m2\repository\com\googlecode\owasp-java-html-sanitizer\owasp-java-html-sanitizer\20170515.1\owasp-java-html-sanitizer-20170515.1.jar;C:\Users\Naveen.Veerabomma\.m2\repository\commons-configuration\commons-configuration\1.6\commons-configuration-1.6.jar;C:\Users\Naveen.Veerabomma\.m2\repository\commons-digester\commons-digester\1.8\commons-digester-1.8.jar;C:\Users\Naveen.Veerabomma\.m2\repository\commons-beanutils\commons-beanutils\1.7.0\commons-beanutils-1.7.0.jar;C:\Users\Naveen.Veerabomma\.m2\repository\commons-beanutils\commons-beanutils-core\1.8.0\commons-beanutils-core-1.8.0.jar;C:\Users\Naveen.Veerabomma\.m2\repository\junit\junit\4.12\junit-4.12.jar;C:\Users\Naveen.Veerabomma\.m2\repository\org\hamcrest\hamcrest-core\1.3\hamcrest-core-1.3.jar;C:\Users\Naveen.Veerabomma\.m2\repository\com\google\guava\guava\23.2-jre\guava-23.2-jre.jar;C:\Users\Naveen.Veerabomma\.m2\repository\com\google\code\findbugs\jsr305\1.3.9\jsr305-1.3.9.jar;C:\Users\Naveen.Veerabomma\.m2\repository\com\google\errorprone\error_prone_annotations\2.0.18\error_prone_annotations-2.0.18.jar;C:\Users\Naveen.Veerabomma\.m2\repository\com\google\j2objc\j2objc-annotations\1.1\j2objc-annotations-1.1.jar;C:\Users\Naveen.Veerabomma\.m2\repository\org\codehaus\mojo\animal-sniffer-annotations\1.14\animal-sniffer-annotations-1.14.jar;C:\Users\Naveen.Veerabomma\.m2\repository\com\google\collections\google-collections\1.0\google-collections-1.0.jar;C:\Users\Naveen.Veerabomma\.m2\repository\org\immutables\testing\2.5.6\testing-2.5.6.jar;C:\Users\Naveen.Veerabomma\.m2\repository\org\hamcrest\hamcrest-library\1.3\hamcrest-library-1.3.jar;C:\Users\Naveen.Veerabomma\.m2\repository\org\hamcrest\hamcrest-integration\1.3\hamcrest-integration-1.3.jar;C:\Users\Naveen.Veerabomma\.m2\repository\org\mockito\mockito-core\1.9.5\mockito-core-1.9.5.jar;C:\Users\Naveen.Veerabomma\.m2\repository\org\objenesis\objenesis\1.0\objenesis-1.0.jar;C:\Users\Naveen.Veerabomma\.m2\repository\org\hamcrest\hamcrest-all\1.3\hamcrest-all-1.3.jar;"/>
    <property name="sun.cpu.endian" value="little"/>
    <property name="user.home" value="C:\Users\Naveen.Veerabomma"/>
    <property name="user.language" value="en"/>
    <property name="java.specification.vendor" value="Oracle Corporation"/>
    <property name="java.home" value="C:\Program Files\Java\jdk1.8.0_172\jre"/>
    <property name="basedir" value="C:\Users\Naveen.Veerabomma\IdeaProjects\comsample"/>
    <property name="file.separator" value="\"/>
    <property name="line.separator" value="&#10;"/>
    <property name="java.vm.specification.vendor" value="Oracle Corporation"/>
    <property name="java.specification.name" value="Java Platform API Specification"/>
    <property name="java.awt.graphicsenv" value="sun.awt.Win32GraphicsEnvironment"/>
    <property name="surefire.real.class.path" value="C:\Users\NAVEEN~1.VEE\AppData\Local\Temp\surefire7504486496615535595\surefirebooter4948837435731340363.jar"/>
    <property name="sun.boot.class.path" value="C:\Program Files\Java\jdk1.8.0_172\jre\lib\resources.jar;C:\Program Files\Java\jdk1.8.0_172\jre\lib\rt.jar;C:\Program Files\Java\jdk1.8.0_172\jre\lib\sunrsasign.jar;C:\Program Files\Java\jdk1.8.0_172\jre\lib\jsse.jar;C:\Program Files\Java\jdk1.8.0_172\jre\lib\jce.jar;C:\Program Files\Java\jdk1.8.0_172\jre\lib\charsets.jar;C:\Program Files\Java\jdk1.8.0_172\jre\lib\jfr.jar;C:\Program Files\Java\jdk1.8.0_172\jre\classes"/>
    <property name="user.script" value=""/>
    <property name="sun.management.compiler" value="HotSpot 64-Bit Tiered Compilers"/>
    <property name="java.runtime.version" value="1.8.0_172-b11"/>
    <property name="user.name" value="Naveen.Veerabomma"/>
    <property name="path.separator" value=";"/>
    <property name="os.version" value="10.0"/>
    <property name="java.endorsed.dirs" value="C:\Program Files\Java\jdk1.8.0_172\jre\lib\endorsed"/>
    <property name="java.runtime.name" value="Java(TM) SE Runtime Environment"/>
    <property name="file.encoding" value="Cp1252"/>
    <property name="java.vm.name" value="Java HotSpot(TM) 64-Bit Server VM"/>
    <property name="localRepository" value="C:\Users\Naveen.Veerabomma\.m2\repository"/>
    <property name="java.vendor.url.bug" value="http://bugreport.sun.com/bugreport/"/>
    <property name="java.io.tmpdir" value="C:\Users\NAVEEN~1.VEE\AppData\Local\Temp\"/>
    <property name="java.version" value="1.8.0_172"/>
    <property name="user.dir" value="C:\Users\Naveen.Veerabomma\IdeaProjects\comsample"/>
    <property name="os.arch" value="amd64"/>
    <property name="java.vm.specification.name" value="Java Virtual Machine Specification"/>
    <property name="java.awt.printerjob" value="sun.awt.windows.WPrinterJob"/>
    <property name="sun.os.patch.level" value=""/>
    <property name="java.library.path" value="C:\Program Files\Java\jdk1.8.0_172\jre\bin;C:\WINDOWS\Sun\Java\bin;C:\WINDOWS\system32;C:\WINDOWS;C:\Program Files (x86)\Intel\Intel(R) Management Engine Components\iCLS\;C:\Program Files\Intel\Intel(R) Management Engine Components\iCLS\;C:\Windows\system32;C:\Windows;C:\Windows\System32\Wbem;C:\Windows\System32\WindowsPowerShell\v1.0\;C:\Program Files (x86)\Intel\Intel(R) Management Engine Components\DAL;C:\Program Files\Intel\Intel(R) Management Engine Components\DAL;C:\Program Files (x86)\Intel\Intel(R) Management Engine Components\IPT;C:\Program Files\Intel\Intel(R) Management Engine Components\IPT;C:\Program Files (x86)\NVIDIA Corporation\PhysX\Common;C:\WINDOWS\system32;C:\WINDOWS;C:\WINDOWS\System32\Wbem;C:\WINDOWS\System32\WindowsPowerShell\v1.0\;C:\WINDOWS\System32\OpenSSH\;C:\Program Files\Java\jdk1.8.0_172\bin;C:\Program Files\Apache\maven\bin;;."/>
    <property name="java.vm.info" value="mixed mode"/>
    <property name="java.vendor" value="Oracle Corporation"/>
    <property name="java.vm.version" value="25.172-b11"/>
    <property name="java.ext.dirs" value="C:\Program Files\Java\jdk1.8.0_172\jre\lib\ext;C:\WINDOWS\Sun\Java\lib\ext"/>
    <property name="sun.io.unicode.encoding" value="UnicodeLittle"/>
    <property name="java.class.version" value="52.0"/>
  </properties>
  <testcase name="Given I am on the loginpage" classname="|  |  |" time="0.003"/>
  <testcase name="When I enter &quot;&quot; and &quot;&quot;" classname="|  |  |" time="0"/>
  <testcase name="And I click login button" classname="|  |  |" time="0.001"/>
  <testcase name="Then I should see error message" classname="|  |  |" time="0"/>
  <testcase name="|  |  |" classname="|  |  |" time="0.7"/>
  <testcase name="Given I am on the loginpage" classname="| 001-1240 |  |" time="0"/>
  <testcase name="When I enter &quot;001-1240&quot; and &quot;&quot;" classname="| 001-1240 |  |" time="0"/>
  <testcase name="And I click login button" classname="| 001-1240 |  |" time="0"/>
  <testcase name="Then I should see error message" classname="| 001-1240 |  |" time="0"/>
  <testcase name="| 001-1240 |  |" classname="| 001-1240 |  |" time="0.686"/>
  <testcase name="Given I am on the loginpage" classname="|  | Naveen123 |" time="0"/>
  <testcase name="When I enter &quot;&quot; and &quot;Naveen123&quot;" classname="|  | Naveen123 |" time="0"/>
  <testcase name="And I click login button" classname="|  | Naveen123 |" time="0"/>
  <testcase name="Then I should see error message" classname="|  | Naveen123 |" time="0"/>
  <testcase name="|  | Naveen123 |" classname="|  | Naveen123 |" time="0.687"/>
  <testcase name="Given I am on the loginpage" classname="| 001-1240 | Naveen123 |" time="0"/>
  <testcase name="When I enter &quot;001-1240&quot; and &quot;Naveen123&quot;" classname="| 001-1240 | Naveen123 |" time="0"/>
  <testcase name="And I click login button" classname="| 001-1240 | Naveen123 |" time="0"/>
  <testcase name="Then I should see user home page" classname="| 001-1240 | Naveen123 |" time="0"/>
  <testcase name="| 001-1240 | Naveen123 |" classname="| 001-1240 | Naveen123 |" time="0.692"/>
</testsuite>